Start testing: Feb 20 18:27 ?赤角∩?¯??～?米o㊣那℅?那㊣??
----------------------------------------------------------
2/2 Testing: algo
2/2 Test: algo
Command: "D:/Code/C++/Math/build/tests/algo.exe"
Directory: D:/Code/C++/Math/build/tests
"algo" start time: Feb 20 18:27 ?赤角∩?¯??～?米o㊣那℅?那㊣??
Output:
----------------------------------------------------------
<end of output>
Test time =   0.01 sec
----------------------------------------------------------
Test Passed.
"algo" end time: Feb 20 18:27 ?赤角∩?¯??～?米o㊣那℅?那㊣??
"algo" time elapsed: 00:00:00
----------------------------------------------------------

1/2 Testing: mod
1/2 Test: mod
Command: "D:/Code/C++/Math/build/tests/mod.exe"
Directory: D:/Code/C++/Math/build/tests
"mod" start time: Feb 20 18:27 ?赤角∩?¯??～?米o㊣那℅?那㊣??
Output:
----------------------------------------------------------
1291728307716
<end of output>
Test time =   0.01 sec
----------------------------------------------------------
Test Passed.
"mod" end time: Feb 20 18:27 ?赤角∩?¯??～?米o㊣那℅?那㊣??
"mod" time elapsed: 00:00:00
----------------------------------------------------------

End testing: Feb 20 18:27 ?赤角∩?¯??～?米o㊣那℅?那㊣??
