<?xml version="1.0" encoding="UTF-8"?>
<Site BuildName="(empty)"
	BuildStamp="20230526-0920-Experimental"
	Name="(empty)"
	Generator="ctest-3.22.0-rc2"
	CompilerName=""
	CompilerVersion=""
	OSName="Windows"
	Hostname="lbh-lenovo"
	OSRelease=" Personal"
	OSVersion=" (Build 22621)"
	OSPlatform="AMD64"
	Is64Bits="1"
	VendorString="GenuineIntel"
	VendorID="Intel Corporation"
	FamilyID="6"
	ModelID="10"
	ProcessorCacheSize="-1"
	NumberOfLogicalCPU="20"
	NumberOfPhysicalCPU="14"
	TotalVirtualMemory="30332"
	TotalPhysicalMemory="16124"
	LogicalProcessorsPerPhysical="1"
	ProcessorClockFrequency="2688"
	>
	<Testing>
		<StartDateTime>May 26 17:23 ?[NON-UTF-8-BYTE-0xA8][NON-UTF-8-BYTE-0xAA][NON-UTF-8-BYTE-0xA8][NON-UTF-8-BYTE-0xA4][NON-UTF-8-BYTE-0xA1][NON-UTF-8-BYTE-0xE4]?[NON-UTF-8-BYTE-0xA1][NON-UTF-8-BYTE-0xC2]??[NON-UTF-8-BYTE-0xA1][NON-UTF-8-BYTE-0xE3]?[NON-UTF-8-BYTE-0xA6][NON-UTF-8-BYTE-0xCC]o[NON-UTF-8-BYTE-0xA1][NON-UTF-8-BYTE-0xC0][NON-UTF-8-BYTE-0xA8][NON-UTF-8-BYTE-0xBA][NON-UTF-8-BYTE-0xA1][NON-UTF-8-BYTE-0xC1]?[NON-UTF-8-BYTE-0xA8][NON-UTF-8-BYTE-0xBA][NON-UTF-8-BYTE-0xA1][NON-UTF-8-BYTE-0xC0]??</StartDateTime>
		<StartTestTime>1685092986</StartTestTime>
		<TestList/>
		<EndDateTime>May 26 17:23 ?[NON-UTF-8-BYTE-0xA8][NON-UTF-8-BYTE-0xAA][NON-UTF-8-BYTE-0xA8][NON-UTF-8-BYTE-0xA4][NON-UTF-8-BYTE-0xA1][NON-UTF-8-BYTE-0xE4]?[NON-UTF-8-BYTE-0xA1][NON-UTF-8-BYTE-0xC2]??[NON-UTF-8-BYTE-0xA1][NON-UTF-8-BYTE-0xE3]?[NON-UTF-8-BYTE-0xA6][NON-UTF-8-BYTE-0xCC]o[NON-UTF-8-BYTE-0xA1][NON-UTF-8-BYTE-0xC0][NON-UTF-8-BYTE-0xA8][NON-UTF-8-BYTE-0xBA][NON-UTF-8-BYTE-0xA1][NON-UTF-8-BYTE-0xC1]?[NON-UTF-8-BYTE-0xA8][NON-UTF-8-BYTE-0xBA][NON-UTF-8-BYTE-0xA1][NON-UTF-8-BYTE-0xC0]??</EndDateTime>
		<EndTestTime>1685092986</EndTestTime>
		<ElapsedMinutes>0</ElapsedMinutes>
	</Testing>
</Site>
